2015-11-17 04:00:46,325 [socket] 707472783:点歌
2015-11-17 04:20:20,000 [socket] 笑看19区恩怨局:点歌 遥远的她
2015-11-17 04:20:48,282 [socket] 笑看19区恩怨局:1
2015-11-17 04:21:02,282 [socket] 笑看19区恩怨局:选歌 9
2015-11-17 04:21:14,671 [socket] 张大帅的帅:怎么弄？
2015-11-17 04:21:33,944 [socket] 张大帅的帅:点歌 南山南
2015-11-17 04:21:59,007 [socket] 张大帅的帅:选歌 10
2015-11-17 04:22:31,181 [socket] 笑看19区恩怨局:点歌 苦瓜
2015-11-17 04:22:54,587 [socket] 笑看19区恩怨局:选歌 2
2015-11-17 04:23:00,725 [socket] 笑看19区恩怨局:这个黑科技好高端
2015-11-17 04:23:35,994 [socket] 笑看19区恩怨局:变色 背景
2015-11-17 04:23:50,539 [socket] 笑看19区恩怨局:变色 字体
2015-11-17 04:23:57,129 [socket] 笑看19区恩怨局:变色 背景
2015-11-17 04:24:08,764 [socket] 张大帅的帅:这颜色好刺眼
2015-11-17 04:24:10,234 [socket] 笑看19区恩怨局:插队
2015-11-17 04:24:26,248 [socket] 笑看19区恩怨局:切歌 3
2015-11-17 04:24:58,485 [socket] 笑看19区恩怨局:切歌 2
2015-11-17 04:25:05,720 [socket] 张大帅的帅:你很无聊
2015-11-17 04:25:10,871 [socket] 笑看19区恩怨局:切歌 1
2015-11-17 04:25:14,288 [socket] 张大帅的帅:.....
2015-11-17 04:25:27,514 [socket] 笑看19区恩怨局:这个黑科技好高端哦
2015-11-17 04:25:52,338 [socket] 笑看19区恩怨局:赠送 笑看19区恩怨局 100
2015-11-17 04:26:23,291 [socket] 笑看19区恩怨局:点歌 苦瓜
2015-11-17 04:26:41,347 [socket] 张大帅的帅:点歌 1
2015-11-17 04:26:52,704 [socket] 笑看19区恩怨局:选歌 1
2015-11-17 04:27:01,674 [socket] 笑看19区恩怨局:点歌 对不起谢谢
2015-11-17 04:27:08,871 [socket] 张大帅的帅:好无聊
2015-11-17 04:27:14,366 [socket] 笑看19区恩怨局:选歌 5
2015-11-17 04:27:23,642 [socket] 笑看19区恩怨局:点歌 婚礼的祝福
2015-11-17 04:27:33,023 [socket] 张大帅的帅:？？？
2015-11-17 04:27:33,553 [socket] 笑看19区恩怨局:选歌1
2015-11-17 04:27:47,198 [socket] 笑看19区恩怨局:我就想看看这个升级
2015-11-17 04:27:51,436 [socket] 笑看19区恩怨局:有没有用
2015-11-17 04:28:01,181 [socket] 张大帅的帅:怎么升级？
2015-11-17 04:28:02,179 [socket] 笑看19区恩怨局:切歌 1
2015-11-17 04:28:20,320 [socket] 笑看19区恩怨局:选歌 1
2015-11-17 04:28:20,873 [socket] 张大帅的帅:选歌 2
2015-11-17 04:28:45,606 [socket] 张大帅的帅:选歌
2015-11-17 04:28:52,159 [socket] 张大帅的帅:选歌 1
2015-11-17 04:28:58,282 [socket] 笑看19区恩怨局:等级
2015-11-17 04:29:03,044 [socket] 张大帅的帅:选歌6
2015-11-17 04:29:07,074 [socket] 张大帅的帅:选歌 6
2015-11-17 04:29:12,767 [socket] 笑看19区恩怨局:黑科技报废了
2015-11-17 04:29:14,722 [socket] 笑看19区恩怨局:切歌 1
2015-11-17 04:29:19,288 [socket] 张大帅的帅:不会玩
2015-11-17 04:29:25,751 [socket] 张大帅的帅:选歌 7
2015-11-17 04:29:33,874 [socket] 张大帅的帅:选歌 1
2015-11-17 04:29:34,553 [socket] 笑看19区恩怨局:你把主播的黑科技玩坏了
2015-11-17 04:29:44,945 [socket] 笑看19区恩怨局:经验
2015-11-17 04:30:03,502 [socket] 张大帅的帅:经验
2015-11-17 04:30:10,214 [socket] 笑看19区恩怨局:好了
2015-11-17 04:30:13,102 [socket] 笑看19区恩怨局:给你玩坏了
2015-11-17 04:30:16,654 [socket] 笑看19区恩怨局:玩不了饿了
2015-11-17 04:33:41,212 [socket] 一帝一后一天下:点歌 冷雨夜
2015-11-17 04:33:50,207 [socket] 一帝一后一天下:选歌 1
2015-11-17 04:54:53,105 [socket] 一路向北1231:1
2015-11-17 04:55:22,722 [socket] 一路向北1231:点歌 南山南
2015-11-17 04:55:39,249 [socket] 一路向北1231:1
2015-11-17 04:55:57,422 [socket] 一路向北1231: 1
2015-11-17 05:01:49,040 [socket] m429461542:9 crimes
2015-11-17 05:02:29,785 [socket] m429461542:点歌 9crimes
2015-11-17 05:03:00,202 [socket] m429461542:选歌 2
2015-11-17 05:03:23,948 [socket] 没有人会记:1
2015-11-17 05:10:05,285 [socket] 左冥眼:野子 晨悠组合 1
2015-11-17 05:16:03,330 [socket] 旧城无往事:泡沫
2015-11-17 05:16:19,066 [socket] 旧城无往事:南山南
2015-11-17 05:27:31,243 [socket] 说多了都是泪1:点歌 彩虹
2015-11-17 05:27:53,842 [socket] 说多了都是泪1:选歌 1
2015-11-17 05:29:49,369 [socket] 说多了都是泪1:点歌 珊瑚海
2015-11-17 05:30:17,361 [socket] 说多了都是泪1:选歌 7
2015-11-17 05:31:43,022 [socket] 说多了都是泪1:切歌：切歌
2015-11-17 05:31:47,327 [socket] 316124707:点歌 永远永远
2015-11-17 05:31:52,731 [socket] 说多了都是泪1:切歌
2015-11-17 05:31:56,471 [socket] 316124707:选歌 1
2015-11-17 05:32:05,536 [socket] 说多了都是泪1:切歌 1
2015-11-17 05:33:03,196 [socket] 说多了都是泪1:切歌 11
2015-11-17 05:33:04,830 [socket] 说多了都是泪1:切歌 1
2015-11-17 05:34:18,363 [socket] 说多了都是泪1:点歌 红颜旧
2015-11-17 05:34:40,784 [socket] 说多了都是泪1:选歌 1
2015-11-17 05:35:14,907 [socket] 说多了都是泪1:3
2015-11-17 05:35:51,918 [socket] 说多了都是泪1:附近功能 3
2015-11-17 05:36:35,387 [socket] 说多了都是泪1:查看经验
2015-11-17 05:36:58,872 [socket] 说多了都是泪1:查看经验：经验
2015-11-17 05:37:08,362 [socket] 说多了都是泪1:查看经验 经验
2015-11-17 05:37:32,383 [socket] 说多了都是泪1:附近功能 经验
2015-11-17 05:38:27,338 [socket] 说多了都是泪1:附加功能 3
2015-11-17 05:39:46,186 [socket] 说多了都是泪1:房管在那
2015-11-17 05:39:52,995 [socket] 说多了都是泪1:房管在吗
2015-11-17 05:42:27,716 [socket] 说多了都是泪1:点歌 趁早
2015-11-17 05:42:51,384 [socket] 说多了都是泪1:选歌 4
2015-11-17 05:46:41,235 [socket] 说多了都是泪1:点歌 趁早
2015-11-17 05:47:49,389 [socket] m429461542:点歌 斑马斑马
2015-11-17 05:48:44,436 [socket] 我们都傻i:点歌 倔强
2015-11-17 05:48:51,512 [socket] 我是来找妹子的呵呵:“1”
2015-11-17 05:49:21,858 [socket] 我是来找妹子的呵呵:1
2015-11-17 05:49:27,916 [socket] 我们都傻i:3
2015-11-17 05:50:52,191 [socket] 我们都傻i:；切歌
2015-11-17 05:52:35,128 [socket] 我们都傻i:切歌
2015-11-17 05:53:04,582 [socket] 我们都傻i:：切歌
2015-11-17 05:57:33,089 [socket] 说多了都是泪1:切歌 1
2015-11-17 05:57:48,038 [socket] 我们都傻i:点歌 倔强
2015-11-17 05:58:07,304 [socket] 说多了都是泪1:你不是要切歌吗
2015-11-17 05:58:11,695 [socket] 我们都傻i:选歌 3
2015-11-17 05:58:49,109 [socket] 说多了都是泪1:切歌 1
2015-11-17 05:59:22,671 [socket] 说多了都是泪1:忍心
2015-11-17 05:59:36,391 [socket] 说多了都是泪1:我们都傻 忍心
2015-11-17 05:59:50,887 [socket] 我们都傻i:...
2015-11-17 06:00:02,030 [socket] 我们都傻i:刚才点错了
2015-11-17 06:01:23,151 [socket] 我们都傻i:点歌 陪你度过漫长岁月
2015-11-17 06:01:46,603 [socket] 我们都傻i:选歌 1
2015-11-17 06:02:47,048 [socket] 我们都傻i:点歌 沙龙
2015-11-17 06:03:12,716 [socket] 我们都傻i:选歌 1
2015-11-17 06:03:57,025 [socket] 我们都傻i:就我自己..
2015-11-17 06:05:48,696 [socket] 我们都傻i:点歌 很想讨厌你
2015-11-17 06:06:14,688 [socket] 我们都傻i:选歌 1
2015-11-17 06:06:57,200 [socket] 我们都傻i:点歌 无条件
2015-11-17 06:07:54,520 [socket] 我们都傻i:变色
2015-11-17 06:08:47,023 [socket] 我们都傻i:变色 背景
2015-11-17 06:09:19,942 [socket] 我们都傻i:变色 背景.
2015-11-17 06:09:50,490 [socket] 我们都傻i:变色 背景
2015-11-17 06:10:10,567 [socket] 我们都傻i:..
2015-11-17 06:10:16,983 [socket] 我们都傻i:变色 背景
2015-11-17 06:10:37,137 [socket] 我们都傻i:点歌 无条件
2015-11-17 06:10:59,618 [socket] 我们都傻i:选歌 1
2015-11-17 06:12:07,991 [socket] 我们都傻i:等级
2015-11-17 06:12:13,740 [socket] 张大帅的帅:点歌 1
2015-11-17 06:14:25,835 [socket] 我们都傻i:点歌 活着多好
2015-11-17 06:14:53,678 [socket] 我们都傻i:选歌 1
2015-11-17 06:17:17,371 [socket] 我们都傻i:赠送 ID
2015-11-17 06:18:37,238 [socket] 我们都傻i:切歌 2
2015-11-17 06:19:24,171 [socket] 我们都傻i:切歌 1
2015-11-17 06:19:50,515 [socket] 我们都傻i:点歌 无条件
2015-11-17 06:20:19,072 [socket] 我们都傻i:选歌 2
2015-11-17 06:20:53,849 [socket] 我们都傻i:点歌 活着多好
2015-11-17 06:21:28,424 [socket] 我们都傻i:选歌 1
2015-11-17 06:31:32,461 [socket] 594810392:点歌 天黑
2015-11-17 06:32:14,821 [socket] 594810392:选歌 10
2015-11-17 06:32:51,950 [socket] 喔呵呵9157:有什么意思，这个直播间
2015-11-17 06:33:04,966 [socket] 594810392:自己点歌的
2015-11-17 06:33:10,596 [socket] 我们都傻i:点歌 无条件
2015-11-17 06:33:11,950 [socket] 594810392:黑科技
2015-11-17 06:33:33,619 [socket] 我们都傻i:选歌 2
2015-11-17 06:34:27,696 [socket] 我们都傻i:没人啊？
2015-11-17 06:41:03,807 [socket] 我们都傻i:点歌 两个人不等于我们
2015-11-17 06:41:36,772 [socket] 我们都傻i:选歌 1
2015-11-17 06:44:49,707 [socket] 我们都傻i:点歌 葡萄成熟时
2015-11-17 06:45:06,590 [socket] 我们都傻i:选歌 1
